<?xml version="1.0" encoding="UTF-8"?>
<!-- Generated by org.testng.reporters.JUnitReportReporter -->
<testsuite hostname="WINCTRL-QTORBTM" failures="0" tests="1" name="QAPackage.HomePageTest" time="50.442" errors="0" timestamp="2020-05-04T03:28:07 IST" skipped="0">
  <testcase classname="QAPackage.HomePageTest" name="homePageNavTest" time="50.442"/>
  <system-out/>
</testsuite> <!-- QAPackage.HomePageTest -->
