<?xml version="1.0" encoding="UTF-8"?>
<!-- Generated by org.testng.reporters.JUnitReportReporter -->
<testsuite hostname="WINCTRL-QTORBTM" failures="0" tests="1" name="QAPackage.HomePageTest" time="38.198" errors="0" timestamp="2020-05-13T23:16:39 IST" skipped="0">
  <testcase classname="QAPackage.HomePageTest" name="homePageNavTest" time="38.198"/>
  <system-out/>
</testsuite> <!-- QAPackage.HomePageTest -->
